C51 COMPILER V9.60.0.0   UART                                                              07/09/2022 21:08:48 PAGE 1   


C51 COMPILER V9.60.0.0, COMPILATION OF MODULE UART
OBJECT MODULE PLACED IN .\Output\uart.obj
COMPILER INVOKED BY: D:\Keil_v5\C51\BIN\C51.EXE Driver\Src\uart.c OPTIMIZE(8,SPEED) BROWSE INCDIR(.\User\Inc;.\Driver\In
                    -c;.\User;D:\Keil_v5\C51\INC\SiLABS\shared\si8051Base) DEBUG OBJECTEXTEND PRINT(.\Listings\uart.lst) TABS(2) OBJECT(.\Out
                    -put\uart.obj)

line level    source

   1          #include "uart.h"
   2          void UartInit(void)   //115200bps@27.000MHz@定时器2
   3          {
   4   1      //  SCON = 0x50;    //8位数据,可变波特率
   5   1      //  AUXR |= 0x01;   //串口1选择定时器2为波特率发生器
   6   1      //  AUXR &= 0xFB;   //定时器2时钟为Fosc/12,即12T
   7   1      //  T2L = 0xFB;   //设定定时初值
   8   1      //  T2H = 0xFF;   //设定定时初值
   9   1      //  AUXR |= 0x10;   //启动定时器2
  10   1      //  ES=1;           //打开接收中断
  11   1      //  EA=1;           //打开总中断
  12   1      }
  13          
  14          void send8bit(u8 dat)
  15           {
  16   1        SBUF=dat;
  17   1        while(!TI);
  18   1        TI=0;
  19   1       }
  20          void send(u8 *str,u16 length)
  21           {    
  22   1         int i=0;
  23   1         for(i=0;i<length;i++)
  24   1         {     
  25   2         send8bit(*(str+i));
  26   2         }
  27   1      }


MODULE INFORMATION:   STATIC OVERLAYABLE
   CODE SIZE        =     56    ----
   CONSTANT SIZE    =   ----    ----
   XDATA SIZE       =   ----    ----
   PDATA SIZE       =   ----    ----
   DATA SIZE        =   ----       5
   IDATA SIZE       =   ----    ----
   BIT SIZE         =   ----    ----
END OF MODULE INFORMATION.


C51 COMPILATION COMPLETE.  0 WARNING(S),  0 ERROR(S)
